<?xml version="1.0" encoding="UTF-8"?>
<!-- Generated by org.testng.reporters.JUnitReportReporter -->
<testsuite hostname="EC2AMAZ-S11DBRH" failures="0" tests="3" name="testScripts.PlaceOrderTest" time="16.047" errors="0" timestamp="2023-07-20T08:33:38 GMT" skipped="0">
  <testcase classname="testScripts.PlaceOrderTest" name="searchItemtest" time="7.526"/>
  <system-out/>
  <testcase classname="testScripts.PlaceOrderTest" name="emptyCartTest" time="2.993"/>
  <system-out/>
  <testcase classname="testScripts.PlaceOrderTest" name="applyCouponTest" time="5.528"/>
  <system-out/>
</testsuite> <!-- testScripts.PlaceOrderTest -->
